<?xml version="1.0" encoding="UTF-8"?>
<testng-results ignored="0" total="1" passed="1" failed="0" skipped="0">
  <reporter-output>
  </reporter-output>
  <suite started-at="2019-01-04T16:11:02Z" name="Default suite" finished-at="2019-01-04T16:11:16Z" duration-ms="13607">
    <groups>
    </groups>
    <test started-at="2019-01-04T16:11:02Z" name="Default test" finished-at="2019-01-04T16:11:16Z" duration-ms="13607">
      <class name="Lits.Homework9.AppTest">
        <test-method is-config="true" signature="setupBrowser(java.lang.String)[pri:0, instance:Lits.Homework9.AppTest@ed7f8b4]" started-at="2019-01-04T16:11:02Z" name="setupBrowser" finished-at="2019-01-04T16:11:05Z" duration-ms="2606" status="PASS">
          <params>
            <param index="0">
              <value>
                <![CDATA[chrome]]>
              </value>
            </param>
          </params>
          <reporter-output>
          </reporter-output>
        </test-method> <!-- setupBrowser -->
        <test-method signature="litsNavigationLessonsTest()[pri:0, instance:Lits.Homework9.AppTest@ed7f8b4]" started-at="2019-01-04T16:11:05Z" name="litsNavigationLessonsTest" finished-at="2019-01-04T16:11:16Z" duration-ms="10978" status="PASS">
          <reporter-output>
          </reporter-output>
        </test-method> <!-- litsNavigationLessonsTest -->
      </class> <!-- Lits.Homework9.AppTest -->
    </test> <!-- Default test -->
  </suite> <!-- Default suite -->
</testng-results>
